<?xml version="1.0" encoding="UTF-8"?>
<!-- Generated by org.testng.reporters.JUnitXMLReporter -->
<testsuite ignored="1" hostname="MSI" failures="0" tests="2" name="Test" time="20.411" errors="0" timestamp="2024-03-20T23:56:09 IST">
  <testcase classname="com.org.testcases.loginTest" name="loginApp" time="2.804"/>
  <testcase classname="com.org.testcases.DashboardTest" name="DashboardVerification" time="4.542"/>
  <testcase classname="com.org.pages.BaseClass" name="@BeforeSuite setUpSuite" time="0.0">
    <ignored/>
  </testcase> <!-- @BeforeSuite setUpSuite -->
</testsuite> <!-- Test -->
