<?xml version="1.0" encoding="UTF-8"?>
<!-- Generated by org.testng.reporters.JUnitXMLReporter -->
<testsuite ignored="1" hostname="MSI" failures="0" tests="2" name="Test" time="26.207" errors="0" timestamp="2024-04-03T02:34:12 IST">
  <testcase classname="com.org.testcases.loginTest" name="loginApp" time="7.801"/>
  <testcase classname="com.org.testcases.DashboardTest" name="DashboardVerification" time="18.854"/>
  <testcase classname="com.org.pages.BaseClass" name="@BeforeSuite setUpSuite" time="0.0">
    <ignored/>
  </testcase> <!-- @BeforeSuite setUpSuite -->
</testsuite> <!-- Test -->
