<?xml version="1.0" encoding="UTF-8"?>
<testng-results ignored="0" total="2" passed="2" failed="0" skipped="0">
  <reporter-output>
    <line>
      <![CDATA[Setting up reports and test is getting ready]]>
    </line>
    <line>
      <![CDATA[Setting Done Test Can be started]]>
    </line>
    <line>
      <![CDATA[Trying to start browser and getting application ready]]>
    </line>
    <line>
      <![CDATA[Trying to start browser and getting application ready]]>
    </line>
    <line>
      <![CDATA[Browser and application is up and running]]>
    </line>
    <line>
      <![CDATA[Web URL verified]]>
    </line>
    <line>
      <![CDATA[Browser and application is up and running]]>
    </line>
    <line>
      <![CDATA[Login button Sucessfully clicked]]>
    </line>
    <line>
      <![CDATA[Web Page launched correctly.. ]]>
    </line>
    <line>
      <![CDATA[<br>Dashboard elements matched, correct user logged in ]]>
    </line>
    <line>
      <![CDATA[<br> Result of the Test - DashboardVerification Exceuted - Pass]]>
    </line>
    <line>
      <![CDATA[Test about to end]]>
    </line>
    <line>
      <![CDATA[Test Completed - Report Generated]]>
    </line>
    <line>
      <![CDATA[Login button Sucessfully clicked]]>
    </line>
    <line>
      <![CDATA[<br> Result of the Test - loginApp Exceuted - Pass]]>
    </line>
    <line>
      <![CDATA[Test about to end]]>
    </line>
    <line>
      <![CDATA[Test Completed - Report Generated]]>
    </line>
  </reporter-output>
  <suite started-at="2024-06-30T20:37:06 IST" name="Suite" finished-at="2024-06-30T20:38:56 IST" duration-ms="110274">
    <groups>
    </groups>
    <test started-at="2024-06-30T20:37:06 IST" name="Test" finished-at="2024-06-30T20:38:56 IST" duration-ms="110274">
      <class name="com.org.testcases.DashboardTest">
        <test-method is-config="true" signature="setup()[pri:0, instance:com.org.testcases.DashboardTest@1787f2a0]" started-at="2024-06-30T20:37:06 IST" name="setup" finished-at="2024-06-30T20:37:24 IST" duration-ms="17269" status="PASS">
          <reporter-output>
            <line>
              <![CDATA[Trying to start browser and getting application ready]]>
            </line>
            <line>
              <![CDATA[Browser and application is up and running]]>
            </line>
          </reporter-output>
        </test-method> <!-- setup -->
        <test-method signature="DashboardVerification()[pri:0, instance:com.org.testcases.DashboardTest@1787f2a0]" started-at="2024-06-30T20:37:24 IST" name="DashboardVerification" finished-at="2024-06-30T20:38:38 IST" duration-ms="74109" status="PASS">
          <reporter-output>
            <line>
              <![CDATA[Login button Sucessfully clicked]]>
            </line>
            <line>
              <![CDATA[Web Page launched correctly.. ]]>
            </line>
            <line>
              <![CDATA[<br>Dashboard elements matched, correct user logged in ]]>
            </line>
            <line>
              <![CDATA[<br> Result of the Test - DashboardVerification Exceuted - Pass]]>
            </line>
          </reporter-output>
        </test-method> <!-- DashboardVerification -->
        <test-method is-config="true" signature="teardownMethod(org.testng.ITestResult)[pri:0, instance:com.org.testcases.DashboardTest@1787f2a0]" started-at="2024-06-30T20:38:38 IST" name="teardownMethod" finished-at="2024-06-30T20:38:38 IST" duration-ms="369" status="PASS">
          <params>
            <param index="0">
              <value>
                <![CDATA[[TestResult name=DashboardVerification status=SUCCESS method=DashboardTest.DashboardVerification()[pri:0, instance:com.org.testcases.DashboardTest@1787f2a0] output=Login button Sucessfully clicked]]]>
              </value>
            </param>
          </params>
          <reporter-output>
            <line>
              <![CDATA[Test about to end]]>
            </line>
            <line>
              <![CDATA[Test Completed - Report Generated]]>
            </line>
          </reporter-output>
        </test-method> <!-- teardownMethod -->
        <test-method is-config="true" signature="tearDown()[pri:0, instance:com.org.testcases.DashboardTest@1787f2a0]" started-at="2024-06-30T20:38:38 IST" name="tearDown" finished-at="2024-06-30T20:38:38 IST" duration-ms="332" status="PASS">
          <reporter-output>
          </reporter-output>
        </test-method> <!-- tearDown -->
      </class> <!-- com.org.testcases.DashboardTest -->
      <class name="com.org.testcases.LoginTest">
        <test-method is-config="true" signature="setUpSuite()[pri:0, instance:com.org.testcases.LoginTest@747f281]" started-at="2024-06-30T20:37:06 IST" name="setUpSuite" finished-at="2024-06-30T20:37:06 IST" duration-ms="189" status="PASS">
          <reporter-output>
            <line>
              <![CDATA[Setting up reports and test is getting ready]]>
            </line>
            <line>
              <![CDATA[Setting Done Test Can be started]]>
            </line>
          </reporter-output>
        </test-method> <!-- setUpSuite -->
        <test-method is-config="true" signature="setup()[pri:0, instance:com.org.testcases.LoginTest@747f281]" started-at="2024-06-30T20:37:06 IST" name="setup" finished-at="2024-06-30T20:37:17 IST" duration-ms="10545" status="PASS">
          <reporter-output>
            <line>
              <![CDATA[Trying to start browser and getting application ready]]>
            </line>
            <line>
              <![CDATA[Browser and application is up and running]]>
            </line>
          </reporter-output>
        </test-method> <!-- setup -->
        <test-method signature="loginApp()[pri:0, instance:com.org.testcases.LoginTest@747f281]" started-at="2024-06-30T20:37:17 IST" name="loginApp" finished-at="2024-06-30T20:38:56 IST" duration-ms="99431" status="PASS">
          <reporter-output>
            <line>
              <![CDATA[Web URL verified]]>
            </line>
            <line>
              <![CDATA[Login button Sucessfully clicked]]>
            </line>
            <line>
              <![CDATA[<br> Result of the Test - loginApp Exceuted - Pass]]>
            </line>
          </reporter-output>
        </test-method> <!-- loginApp -->
        <test-method is-config="true" signature="teardownMethod(org.testng.ITestResult)[pri:0, instance:com.org.testcases.LoginTest@747f281]" started-at="2024-06-30T20:38:56 IST" name="teardownMethod" finished-at="2024-06-30T20:38:56 IST" duration-ms="40" status="PASS">
          <params>
            <param index="0">
              <value>
                <![CDATA[[TestResult name=loginApp status=SUCCESS method=LoginTest.loginApp()[pri:0, instance:com.org.testcases.LoginTest@747f281] output=Web URL verified]]]>
              </value>
            </param>
          </params>
          <reporter-output>
            <line>
              <![CDATA[Test about to end]]>
            </line>
            <line>
              <![CDATA[Test Completed - Report Generated]]>
            </line>
          </reporter-output>
        </test-method> <!-- teardownMethod -->
        <test-method is-config="true" signature="tearDown()[pri:0, instance:com.org.testcases.LoginTest@747f281]" started-at="2024-06-30T20:38:56 IST" name="tearDown" finished-at="2024-06-30T20:38:56 IST" duration-ms="216" status="PASS">
          <reporter-output>
          </reporter-output>
        </test-method> <!-- tearDown -->
      </class> <!-- com.org.testcases.LoginTest -->
    </test> <!-- Test -->
  </suite> <!-- Suite -->
</testng-results>
